This is pdfTeX, Version 3.1415926-2.4-1.40.13 (TeX Live 2012/Debian) (format=pdflatex 2015.1.28)  25 SEP 2015 19:40
entering extended mode
 restricted \write18 enabled.
 %&-line parsing enabled.
**ListasDAsistenciaParcial01.tex
(./ListasDAsistenciaParcial01.tex
LaTeX2e <2011/06/27>
Babel <v3.8m> and hyphenation patterns for english, dumylang, nohyphenation, lo
aded.
(/usr/share/texlive/texmf-dist/tex/latex/base/article.cls
Document Class: article 2007/10/19 v1.4h Standard LaTeX document class
(/usr/share/texlive/texmf-dist/tex/latex/base/size12.clo
File: size12.clo 2007/10/19 v1.4h Standard LaTeX file (size option)
)
\c@part=\count79
\c@section=\count80
\c@subsection=\count81
\c@subsubsection=\count82
\c@paragraph=\count83
\c@subparagraph=\count84
\c@figure=\count85
\c@table=\count86
\abovecaptionskip=\skip41
\belowcaptionskip=\skip42
\bibindent=\dimen102
) (./discentes.tex
\GenCounter=\count87
\SesionSOTRCounter=\count88
\DanielDeJesusAsistenciaCounter=\count89
\DanielAsistenciaCounter=\count90
\VictorAsistenciaCounter=\count91
\OmarAsistenciaCounter=\count92
\EnriqueAsistenciaCounter=\count93
\JavierAsistenciaCounter=\count94
\ErickServandoAsistenciaCounter=\count95
\ErickAsistenciaCounter=\count96
\VictorManuelAsistenciaCounter=\count97
\JonathanAsistenciaCounter=\count98
\MiguelAsistenciaCounter=\count99
\JoseTlacaelelAsistenciaCounter=\count100
\JoseAsistenciaCounter=\count101
)
(./ListasDAsistenciaParcial01.aux)
\openout1 = `ListasDAsistenciaParcial01.aux'.

LaTeX Font Info:    Checking defaults for OML/cmm/m/it on input line 3.
LaTeX Font Info:    ... okay on input line 3.
LaTeX Font Info:    Checking defaults for T1/cmr/m/n on input line 3.
LaTeX Font Info:    ... okay on input line 3.
LaTeX Font Info:    Checking defaults for OT1/cmr/m/n on input line 3.
LaTeX Font Info:    ... okay on input line 3.
LaTeX Font Info:    Checking defaults for OMS/cmsy/m/n on input line 3.
LaTeX Font Info:    ... okay on input line 3.
LaTeX Font Info:    Checking defaults for OMX/cmex/m/n on input line 3.
LaTeX Font Info:    ... okay on input line 3.
LaTeX Font Info:    Checking defaults for U/cmr/m/n on input line 3.
LaTeX Font Info:    ... okay on input line 3.

Underfull \hbox (badness 10000) in paragraph at lines 14--14

 []

LaTeX Font Info:    External font `cmex10' loaded for size
(Font)              <12> on input line 14.
LaTeX Font Info:    External font `cmex10' loaded for size
(Font)              <8> on input line 14.
LaTeX Font Info:    External font `cmex10' loaded for size
(Font)              <6> on input line 14.

Underfull \hbox (badness 10000) in paragraph at lines 28--28

 []

[1

{/var/lib/texmf/fonts/map/pdftex/updmap/pdftex.map}]
Underfull \hbox (badness 10000) in paragraph at lines 46--46

 []


Underfull \hbox (badness 10000) in paragraph at lines 59--59

 []

[2] [3] (./ListasDAsistenciaParcial01.aux) ) 
Here is how much of TeX's memory you used:
 276 strings out of 495059
 3708 string characters out of 3182030
 50885 words of memory out of 3000000
 3533 multiletter control sequences out of 15000+200000
 6683 words of font info for 24 fonts, out of 3000000 for 9000
 14 hyphenation exceptions out of 8191
 22i,7n,19p,178b,107s stack positions out of 5000i,500n,10000p,200000b,50000s
</usr/share/texlive/texmf-dist/font
s/type1/public/amsfonts/cm/cmbx12.pfb></usr/share/texlive/texmf-dist/fonts/type
1/public/amsfonts/cm/cmr12.pfb>
Output written on ListasDAsistenciaParcial01.pdf (3 pages, 31161 bytes).
PDF statistics:
 22 PDF objects out of 1000 (max. 8388607)
 14 compressed objects within 1 object stream
 0 named destinations out of 1000 (max. 500000)
 1 words of extra memory for PDF output out of 10000 (max. 10000000)

