This is pdfTeX, Version 3.1415926-2.4-1.40.13 (TeX Live 2012/Debian) (format=pdflatex 2015.1.28)  21 SEP 2015 20:46
entering extended mode
 restricted \write18 enabled.
 %&-line parsing enabled.
**paragenprogav.tex
(./paragenprogav.tex
LaTeX2e <2011/06/27>
Babel <v3.8m> and hyphenation patterns for english, dumylang, nohyphenation, lo
aded.
(/usr/share/texlive/texmf-dist/tex/latex/base/article.cls
Document Class: article 2007/10/19 v1.4h Standard LaTeX document class
(/usr/share/texlive/texmf-dist/tex/latex/base/size10.clo
File: size10.clo 2007/10/19 v1.4h Standard LaTeX file (size option)
)
\c@part=\count79
\c@section=\count80
\c@subsection=\count81
\c@subsubsection=\count82
\c@paragraph=\count83
\c@subparagraph=\count84
\c@figure=\count85
\c@table=\count86
\abovecaptionskip=\skip41
\belowcaptionskip=\skip42
\bibindent=\dimen102
)
\UnidadCounter=\count87
\TemaDUnidUNOCounter=\count88
\TemaDUnidDOSCounter=\count89
\TemaDUnidTRESCounter=\count90
\TemaDUnidCUATROCounter=\count91
\TemaDUnidCINCOCounter=\count92
 (./paragenprogav.aux)
\openout1 = `paragenprogav.aux'.

LaTeX Font Info:    Checking defaults for OML/cmm/m/it on input line 51.
LaTeX Font Info:    ... okay on input line 51.
LaTeX Font Info:    Checking defaults for T1/cmr/m/n on input line 51.
LaTeX Font Info:    ... okay on input line 51.
LaTeX Font Info:    Checking defaults for OT1/cmr/m/n on input line 51.
LaTeX Font Info:    ... okay on input line 51.
LaTeX Font Info:    Checking defaults for OMS/cmsy/m/n on input line 51.
LaTeX Font Info:    ... okay on input line 51.
LaTeX Font Info:    Checking defaults for OMX/cmex/m/n on input line 51.
LaTeX Font Info:    ... okay on input line 51.
LaTeX Font Info:    Checking defaults for U/cmr/m/n on input line 51.
LaTeX Font Info:    ... okay on input line 51.
 [1

{/var/lib/texmf/fonts/map/pdftex/updmap/pdftex.map}]
LaTeX Font Info:    External font `cmex10' loaded for size
(Font)              <7> on input line 130.
LaTeX Font Info:    External font `cmex10' loaded for size
(Font)              <5> on input line 130.

Overfull \hbox (8.69522pt too wide) in paragraph at lines 140--141
[]\OT1/cmr/m/n/10 https://github.com/upiitacodelamberto/SOTR/UNIDADES/U0/LATEX/
 */ 
 []


Overfull \hbox (32.9967pt too wide) in paragraph at lines 162--162
[]\OT1/cmtt/m/n/10 wchar_t ***nombresdsubtemas[]={nombresdsubtemasdu1, nombresd
subtemasdu2,[] 
 []


Overfull \hbox (6.74693pt too wide) in paragraph at lines 162--162
[]    \OT1/cmtt/m/n/10 nombresdsubtemasdu3, nombresdsubtemasdu4, nombresdsubtem
asdu5};[] 
 []

[2] (./paragenprogav.aux) ) 
Here is how much of TeX's memory you used:
 228 strings out of 495059
 2588 string characters out of 3182030
 48977 words of memory out of 3000000
 3494 multiletter control sequences out of 15000+200000
 4413 words of font info for 17 fonts, out of 3000000 for 9000
 14 hyphenation exceptions out of 8191
 23i,4n,17p,183b,131s stack positions out of 5000i,500n,10000p,200000b,50000s
</usr/share/texlive/texmf-dist/fonts/type1/public/am
sfonts/cm/cmbx12.pfb></usr/share/texlive/texmf-dist/fonts/type1/public/amsfonts
/cm/cmr10.pfb></usr/share/texlive/texmf-dist/fonts/type1/public/amsfonts/cm/cms
y10.pfb></usr/share/texlive/texmf-dist/fonts/type1/public/amsfonts/cm/cmtt10.pf
b>
Output written on paragenprogav.pdf (2 pages, 58069 bytes).
PDF statistics:
 27 PDF objects out of 1000 (max. 8388607)
 18 compressed objects within 1 object stream
 0 named destinations out of 1000 (max. 500000)
 1 words of extra memory for PDF output out of 10000 (max. 10000000)

