This is pdfTeX, Version 3.14159265-2.6-1.40.15 (TeX Live 2015/dev/Debian) (preloaded format=pdflatex 2015.9.27)  16 DEC 2015 20:40
entering extended mode
 restricted \write18 enabled.
 %&-line parsing enabled.
**CommEntProcs.tex
(./CommEntProcs.tex
LaTeX2e <2014/05/01>
Babel <3.9l> and hyphenation patterns for 4 languages loaded.
(/usr/share/texlive/texmf-dist/tex/latex/base/article.cls
Document Class: article 2014/09/29 v1.4h Standard LaTeX document class
(/usr/share/texlive/texmf-dist/tex/latex/base/size10.clo
File: size10.clo 2014/09/29 v1.4h Standard LaTeX file (size option)
)
\c@part=\count79
\c@section=\count80
\c@subsection=\count81
\c@subsubsection=\count82
\c@paragraph=\count83
\c@subparagraph=\count84
\c@figure=\count85
\c@table=\count86
\abovecaptionskip=\skip41
\belowcaptionskip=\skip42
\bibindent=\dimen102
) (./CommEntProcs.aux)
\openout1 = `CommEntProcs.aux'.

LaTeX Font Info:    Checking defaults for OML/cmm/m/it on input line 2.
LaTeX Font Info:    ... okay on input line 2.
LaTeX Font Info:    Checking defaults for T1/cmr/m/n on input line 2.
LaTeX Font Info:    ... okay on input line 2.
LaTeX Font Info:    Checking defaults for OT1/cmr/m/n on input line 2.
LaTeX Font Info:    ... okay on input line 2.
LaTeX Font Info:    Checking defaults for OMS/cmsy/m/n on input line 2.
LaTeX Font Info:    ... okay on input line 2.
LaTeX Font Info:    Checking defaults for OMX/cmex/m/n on input line 2.
LaTeX Font Info:    ... okay on input line 2.
LaTeX Font Info:    Checking defaults for U/cmr/m/n on input line 2.
LaTeX Font Info:    ... okay on input line 2.
LaTeX Font Info:    External font `cmex10' loaded for size
(Font)              <7> on input line 9.
LaTeX Font Info:    External font `cmex10' loaded for size
(Font)              <5> on input line 9.
LaTeX Font Info:    External font `cmex10' loaded for size
(Font)              <8> on input line 10.
LaTeX Font Info:    External font `cmex10' loaded for size
(Font)              <6> on input line 10.
[1

{/var/lib/texmf/fonts/map/pdftex/updmap/pdftex.map}] [2] [3] [4]
Overfull \hbox (74.99634pt too wide) in paragraph at lines 261--261
[]    \OT1/cmtt/m/n/10 JNE enter_region      |si no era cero, se asigno 1 a loc
k y se ejecuta ciclo[] 
 []


Overfull \hbox (59.24648pt too wide) in paragraph at lines 261--261
[]    \OT1/cmtt/m/n/10 ret                   |volver al invocador; se entro en 
la region critica[] 
 []

[5] [6]
Overfull \hbox (6.74693pt too wide) in paragraph at lines 344--344
[]  \OT1/cmtt/m/n/10 // not reordered after it.  The 1996 PentiumPro manual (Vo
lume 3,[] 
 []

[7]
Overfull \hbox (10.06967pt too wide) in paragraph at lines 396--402
\OT1/cmr/m/n/10 Como ejem-plo de uso de es-tas prim-i-ti-vas, con-sid-er-e-mos 
el prob-lema de \OT1/cmr/bx/n/10 productor-
 []

[8] [9]
Overfull \hbox (27.74675pt too wide) in paragraph at lines 562--562
[]\OT1/cmtt/m/n/10 #define N 100                        /* numero de ranuras de
l buffer */[] 
 []


Overfull \hbox (95.99615pt too wide) in paragraph at lines 562--562
[]\OT1/cmtt/m/n/10 typedef int semaphore;               /* los semaforos son un
 tipo especial de int */[] 
 []


Overfull \hbox (80.24629pt too wide) in paragraph at lines 562--562
[]\OT1/cmtt/m/n/10 semaphore mutex=1;                   /* controla el acceso a
 la region critica */[] 
 []


Overfull \hbox (69.74638pt too wide) in paragraph at lines 562--562
[]\OT1/cmtt/m/n/10 semaphore empty=N;                   /* cuenta las ranuras d
el buffer vacias */[] 
 []


Overfull \hbox (64.49643pt too wide) in paragraph at lines 562--562
[]\OT1/cmtt/m/n/10 semaphore full=0;                    /* cuenta las ranuras d
e buffer llenas */[] 
 []

[10]
Overfull \hbox (80.24629pt too wide) in paragraph at lines 562--562
[]    \OT1/cmtt/m/n/10 produce_item(&item);             /* generar algo para po
nerlo en el buffer */[] 
 []


Overfull \hbox (32.9967pt too wide) in paragraph at lines 562--562
[]    \OT1/cmtt/m/n/10 down(&empty);                    /* decrementar el conta
dor empty */[] 
 []


Overfull \hbox (22.4968pt too wide) in paragraph at lines 562--562
[]    \OT1/cmtt/m/n/10 down(&mutex);                    /* entrar en la region 
critica */[] 
 []


Overfull \hbox (80.24629pt too wide) in paragraph at lines 562--562
[]    \OT1/cmtt/m/n/10 enter_item(item);                /* colocar el nuevo ele
mento en el buffer */[] 
 []


Overfull \hbox (17.24684pt too wide) in paragraph at lines 562--562
[]    \OT1/cmtt/m/n/10 up(&mutex);                      /* salir de la region c
ritica */[] 
 []


Overfull \hbox (32.9967pt too wide) in paragraph at lines 562--562
[]    \OT1/cmtt/m/n/10 down(&full);                      /* decrementar el cont
ador full */[] 
 []


Overfull \hbox (27.74675pt too wide) in paragraph at lines 562--562
[]    \OT1/cmtt/m/n/10 down(&mutex);                     /* entrar en la region
 critica */[] 
 []


Overfull \hbox (17.24684pt too wide) in paragraph at lines 562--562
[]    \OT1/cmtt/m/n/10 remove_item(&item);               /* sacar elemento del 
buffer */[] 
 []


Overfull \hbox (22.4968pt too wide) in paragraph at lines 562--562
[]    \OT1/cmtt/m/n/10 up(&mutex);                       /* salir de la region 
critica */[] 
 []


Overfull \hbox (101.24611pt too wide) in paragraph at lines 562--562
[]    \OT1/cmtt/m/n/10 up(&empty);                       /* incrementar el cont
ador de ranuras vacias */[] 
 []


Overfull \hbox (22.4968pt too wide) in paragraph at lines 562--562
[]    \OT1/cmtt/m/n/10 consume_item(item);               /* hacer algo con el e
lemento */[] 
 []

[11] [12] [13] (./CommEntProcs.aux) ) 
Here is how much of TeX's memory you used:
 242 strings out of 494977
 2620 string characters out of 6180183
 55049 words of memory out of 5000000
 3539 multiletter control sequences out of 15000+600000
 7495 words of font info for 27 fonts, out of 8000000 for 9000
 36 hyphenation exceptions out of 8191
 24i,8n,17p,151b,243s stack positions out of 5000i,500n,10000p,200000b,80000s
</usr/share/texlive/texmf-dist/fonts/type1
/public/amsfonts/cm/cmbx10.pfb></usr/share/texlive/texmf-dist/fonts/type1/publi
c/amsfonts/cm/cmbx12.pfb></usr/share/texlive/texmf-dist/fonts/type1/public/amsf
onts/cm/cmmi10.pfb></usr/share/texlive/texmf-dist/fonts/type1/public/amsfonts/c
m/cmmi7.pfb></usr/share/texlive/texmf-dist/fonts/type1/public/amsfonts/cm/cmr10
.pfb></usr/share/texlive/texmf-dist/fonts/type1/public/amsfonts/cm/cmr6.pfb></u
sr/share/texlive/texmf-dist/fonts/type1/public/amsfonts/cm/cmr7.pfb></usr/share
/texlive/texmf-dist/fonts/type1/public/amsfonts/cm/cmr8.pfb></usr/share/texlive
/texmf-dist/fonts/type1/public/amsfonts/cm/cmsy7.pfb></usr/share/texlive/texmf-
dist/fonts/type1/public/amsfonts/cm/cmti10.pfb></usr/share/texlive/texmf-dist/f
onts/type1/public/amsfonts/cm/cmtt10.pfb>
Output written on CommEntProcs.pdf (13 pages, 163631 bytes).
PDF statistics:
 91 PDF objects out of 1000 (max. 8388607)
 64 compressed objects within 1 object stream
 0 named destinations out of 1000 (max. 500000)
 1 words of extra memory for PDF output out of 10000 (max. 10000000)

